<?xml version="1.0" encoding="UTF-8"?>
<testsuite xmlns:xsi="http://www.w3.org/2001/XMLSchema-instance" xsi:noNamespaceSchemaLocation="https://maven.apache.org/surefire/maven-surefire-plugin/xsd/surefire-test-report-3.0.xsd" version="3.0" name="com.tcms.TutorCenterManagementSystemApplicationTests" time="20.728" tests="1" errors="0" skipped="0" failures="0">
  <properties>
[...]
</properties>
  <testcase name="contextLoads" classname="com.tcms.TutorCenterManagementSystemApplicationTests" time="1.79">
    <system-out><![CDATA[23:10:27.023 [main] INFO org.springframework.test.context.support.AnnotationConfigContextLoaderUtils -- Could not detect default configuration classes for test class [com.tcms.TutorCenterManagementSystemApplicationTests]: TutorCenterManagementSystemApplicationTests does not declare any static, non-private, non-final, nested classes annotated with @Configuration.
23:10:27.474 [main] INFO org.springframework.boot.test.context.SpringBootTestContextBootstrapper -- Found @SpringBootConfiguration com.tcms.TutorCenterManagementSystemApplication for test class com.tcms.TutorCenterManagementSystemApplicationTests
23:10:27.906 [main] INFO org.springframework.boot.devtools.restart.RestartApplicationListener -- Restart disabled due to context in which it is running

  .   ____          _            __ _ _
 /\\ / ___'_ __ _ _(_)_ __  __ _ \ \ \ \
( ( )\___ | '_ | '_| | '_ \/ _` | \ \ \ \
 \\/  ___)| |_)| | | | | || (_| |  ) ) ) )
  '  |____| .__|_| |_|_| |_\__, | / / / /
 =========|_|==============|___/=/_/_/_/

 :: Spring Boot ::                (v3.3.5)

2026-06-14T23:10:28.576+07:00  INFO 15912 --- [tcms] [           main] orCenterManagementSystemApplicationTests : Starting TutorCenterManagementSystemApplicationTests using Java 17.0.16 with PID 15912 (started by huyen in D:\Uyen\TTCS\TutorCenterManagementSystem)
2026-06-14T23:10:28.578+07:00  INFO 15912 --- [tcms] [           main] orCenterManagementSystemApplicationTests : No active profile set, falling back to 1 default profile: "default"
2026-06-14T23:10:31.081+07:00  INFO 15912 --- [tcms] [           main] .s.d.r.c.RepositoryConfigurationDelegate : Bootstrapping Spring Data JPA repositories in DEFAULT mode.
2026-06-14T23:10:31.511+07:00  INFO 15912 --- [tcms] [           main] .s.d.r.c.RepositoryConfigurationDelegate : Finished Spring Data repository scanning in 403 ms. Found 19 JPA repository interfaces.
2026-06-14T23:10:32.987+07:00  INFO 15912 --- [tcms] [           main] com.zaxxer.hikari.HikariDataSource       : HikariPool-1 - Starting...
2026-06-14T23:10:33.724+07:00  INFO 15912 --- [tcms] [           main] com.zaxxer.hikari.pool.HikariPool        : HikariPool-1 - Added connection com.mysql.cj.jdbc.ConnectionImpl@582e9152
2026-06-14T23:10:33.733+07:00  INFO 15912 --- [tcms] [           main] com.zaxxer.hikari.HikariDataSource       : HikariPool-1 - Start completed.
2026-06-14T23:10:34.151+07:00  INFO 15912 --- [tcms] [           main] o.hibernate.jpa.internal.util.LogHelper  : HHH000204: Processing PersistenceUnitInfo [name: default]
2026-06-14T23:10:34.395+07:00  INFO 15912 --- [tcms] [           main] org.hibernate.Version                    : HHH000412: Hibernate ORM core version 6.5.3.Final
2026-06-14T23:10:34.564+07:00  INFO 15912 --- [tcms] [           main] o.h.c.internal.RegionFactoryInitiator    : HHH000026: Second-level cache disabled
2026-06-14T23:10:35.785+07:00  INFO 15912 --- [tcms] [           main] o.s.o.j.p.SpringPersistenceUnitInfo      : No LoadTimeWeaver setup: ignoring JPA class transformer
2026-06-14T23:10:36.077+07:00  WARN 15912 --- [tcms] [           main] org.hibernate.orm.deprecation            : HHH90000025: MySQL8Dialect does not need to be specified explicitly using 'hibernate.dialect' (remove the property setting and it will be selected by default)
2026-06-14T23:10:36.080+07:00  WARN 15912 --- [tcms] [           main] org.hibernate.orm.deprecation            : HHH90000026: MySQL8Dialect has been deprecated; use org.hibernate.dialect.MySQLDialect instead
2026-06-14T23:10:38.999+07:00  INFO 15912 --- [tcms] [           main] o.h.e.t.j.p.i.JtaPlatformInitiator       : HHH000489: No JTA platform available (set 'hibernate.transaction.jta.platform' to enable JTA platform integration)
2026-06-14T23:10:39.006+07:00  INFO 15912 --- [tcms] [           main] j.LocalContainerEntityManagerFactoryBean : Initialized JPA EntityManagerFactory for persistence unit 'default'
2026-06-14T23:10:40.165+07:00  INFO 15912 --- [tcms] [           main] o.s.d.j.r.query.QueryEnhancerFactory     : Hibernate is in classpath; If applicable, HQL parser will be used.
2026-06-14T23:10:43.232+07:00  WARN 15912 --- [tcms] [           main] JpaBaseConfiguration$JpaWebConfiguration : spring.jpa.open-in-view is enabled by default. Therefore, database queries may be performed during view rendering. Explicitly configure spring.jpa.open-in-view to disable this warning
2026-06-14T23:10:43.349+07:00  WARN 15912 --- [tcms] [           main] .s.s.UserDetailsServiceAutoConfiguration : 

Using generated security password: 30f99662-0d37-4fb7-950f-60ed1deeafed

This generated password is for development use only. Your security configuration must be updated before running your application in production.

2026-06-14T23:10:43.382+07:00  INFO 15912 --- [tcms] [           main] r$InitializeUserDetailsManagerConfigurer : Global AuthenticationManager configured with UserDetailsService bean with name inMemoryUserDetailsManager
2026-06-14T23:10:45.505+07:00  INFO 15912 --- [tcms] [           main] orCenterManagementSystemApplicationTests : Started TutorCenterManagementSystemApplicationTests in 17.628 seconds (process running for 20.821)
Hibernate: 
    select
        ts1_0.session_id,
        ts1_0.attendance_code,
        ts1_0.class_id,
        ts1_0.created_at,
        ts1_0.end_time,
        (SELECT
            lp.lesson_name 
        FROM
            learning_plans lp 
        WHERE
            lp.session_id = ts1_0.session_id 
        LIMIT
            1),
        ts1_0.session_date,
        ts1_0.start_time,
        ts1_0.status,
        ts1_0.topic 
    from
        teaching_sessions ts1_0
Hibernate: 
    select
        ce1_0.class_id,
        ce1_0.class_name,
        ce1_0.created_at,
        ce1_0.description,
        ce1_0.grade,
        ce1_0.required_sessions,
        ce1_0.status,
        ce1_0.subject,
        ce1_0.tuition_fee_per_session,
        t1_0.tutor_id,
        t1_0.address,
        t1_0.avatar,
        t1_0.description,
        t1_0.dob,
        t1_0.email,
        t1_0.full_name,
        t1_0.gender,
        t1_0.major,
        t1_0.phone,
        t1_0.school,
        u1_0.user_id,
        u1_0.created_at,
        u1_0.password,
        u1_0.role_id,
        u1_0.status,
        u1_0.username 
    from
        classes ce1_0 
    left join
        tutors t1_0 
            on t1_0.tutor_id=ce1_0.tutor_id 
    left join
        users u1_0 
            on u1_0.user_id=t1_0.user_id 
    where
        ce1_0.class_id=?
Hibernate: 
    select
        p1_0.parent_id,
        p1_0.address,
        p1_0.avatar,
        p1_0.dob,
        p1_0.email,
        p1_0.full_name,
        p1_0.gender,
        p1_0.phone,
        u1_0.user_id,
        u1_0.created_at,
        u1_0.password,
        r1_0.role_id,
        r1_0.role_name,
        u1_0.status,
        s1_0.student_id,
        s1_0.address,
        s1_0.avatar,
        s1_0.dob,
        s1_0.full_name,
        s1_0.gender,
        s1_0.grade,
        s1_0.parent_id,
        s1_0.school,
        t1_0.tutor_id,
        t1_0.address,
        t1_0.avatar,
        t1_0.description,
        t1_0.dob,
        t1_0.email,
        t1_0.full_name,
        t1_0.gender,
        t1_0.major,
        t1_0.phone,
        t1_0.school,
        u1_0.username 
    from
        parents p1_0 
    left join
        users u1_0 
            on u1_0.user_id=p1_0.user_id 
    left join
        roles r1_0 
            on r1_0.role_id=u1_0.role_id 
    left join
        students s1_0 
            on u1_0.user_id=s1_0.user_id 
    left join
        tutors t1_0 
            on u1_0.user_id=t1_0.user_id 
    where
        p1_0.user_id=?
Hibernate: 
    select
        r1_0.role_id,
        r1_0.role_name 
    from
        roles r1_0 
    where
        r1_0.role_id=?
Hibernate: 
    select
        s1_0.student_id,
        s1_0.address,
        s1_0.avatar,
        s1_0.dob,
        s1_0.full_name,
        s1_0.gender,
        s1_0.grade,
        p1_0.parent_id,
        p1_0.address,
        p1_0.avatar,
        p1_0.dob,
        p1_0.email,
        p1_0.full_name,
        p1_0.gender,
        p1_0.phone,
        u1_0.user_id,
        u1_0.created_at,
        u1_0.password,
        u1_0.role_id,
        u1_0.status,
        u1_0.username,
        s1_0.school,
        u2_0.user_id,
        u2_0.created_at,
        p2_0.parent_id,
        p2_0.address,
        p2_0.avatar,
        p2_0.dob,
        p2_0.email,
        p2_0.full_name,
        p2_0.gender,
        p2_0.phone,
        u2_0.password,
        r2_0.role_id,
        r2_0.role_name,
        u2_0.status,
        t1_0.tutor_id,
        t1_0.address,
        t1_0.avatar,
        t1_0.description,
        t1_0.dob,
        t1_0.email,
        t1_0.full_name,
        t1_0.gender,
        t1_0.major,
        t1_0.phone,
        t1_0.school,
        u2_0.username 
    from
        students s1_0 
    left join
        parents p1_0 
            on p1_0.parent_id=s1_0.parent_id 
    left join
        users u1_0 
            on u1_0.user_id=p1_0.user_id 
    left join
        users u2_0 
            on u2_0.user_id=s1_0.user_id 
    left join
        parents p2_0 
            on u2_0.user_id=p2_0.user_id 
    left join
        roles r2_0 
            on r2_0.role_id=u2_0.role_id 
    left join
        tutors t1_0 
            on u2_0.user_id=t1_0.user_id 
    where
        s1_0.user_id=?
Hibernate: 
    select
        ce1_0.class_id,
        ce1_0.class_name,
        ce1_0.created_at,
        ce1_0.description,
        ce1_0.grade,
        ce1_0.required_sessions,
        ce1_0.status,
        ce1_0.subject,
        ce1_0.tuition_fee_per_session,
        t1_0.tutor_id,
        t1_0.address,
        t1_0.avatar,
        t1_0.description,
        t1_0.dob,
        t1_0.email,
        t1_0.full_name,
        t1_0.gender,
        t1_0.major,
        t1_0.phone,
        t1_0.school,
        u1_0.user_id,
        u1_0.created_at,
        u1_0.password,
        u1_0.role_id,
        u1_0.status,
        u1_0.username 
    from
        classes ce1_0 
    left join
        tutors t1_0 
            on t1_0.tutor_id=ce1_0.tutor_id 
    left join
        users u1_0 
            on u1_0.user_id=t1_0.user_id 
    where
        ce1_0.class_id=?
Hibernate: 
    select
        p1_0.parent_id,
        p1_0.address,
        p1_0.avatar,
        p1_0.dob,
        p1_0.email,
        p1_0.full_name,
        p1_0.gender,
        p1_0.phone,
        u1_0.user_id,
        u1_0.created_at,
        u1_0.password,
        r1_0.role_id,
        r1_0.role_name,
        u1_0.status,
        s1_0.student_id,
        s1_0.address,
        s1_0.avatar,
        s1_0.dob,
        s1_0.full_name,
        s1_0.gender,
        s1_0.grade,
        s1_0.parent_id,
        s1_0.school,
        t1_0.tutor_id,
        t1_0.address,
        t1_0.avatar,
        t1_0.description,
        t1_0.dob,
        t1_0.email,
        t1_0.full_name,
        t1_0.gender,
        t1_0.major,
        t1_0.phone,
        t1_0.school,
        u1_0.username 
    from
        parents p1_0 
    left join
        users u1_0 
            on u1_0.user_id=p1_0.user_id 
    left join
        roles r1_0 
            on r1_0.role_id=u1_0.role_id 
    left join
        students s1_0 
            on u1_0.user_id=s1_0.user_id 
    left join
        tutors t1_0 
            on u1_0.user_id=t1_0.user_id 
    where
        p1_0.user_id=?
Hibernate: 
    select
        s1_0.student_id,
        s1_0.address,
        s1_0.avatar,
        s1_0.dob,
        s1_0.full_name,
        s1_0.gender,
        s1_0.grade,
        p1_0.parent_id,
        p1_0.address,
        p1_0.avatar,
        p1_0.dob,
        p1_0.email,
        p1_0.full_name,
        p1_0.gender,
        p1_0.phone,
        u1_0.user_id,
        u1_0.created_at,
        u1_0.password,
        u1_0.role_id,
        u1_0.status,
        u1_0.username,
        s1_0.school,
        u2_0.user_id,
        u2_0.created_at,
        p2_0.parent_id,
        p2_0.address,
        p2_0.avatar,
        p2_0.dob,
        p2_0.email,
        p2_0.full_name,
        p2_0.gender,
        p2_0.phone,
        u2_0.password,
        r2_0.role_id,
        r2_0.role_name,
        u2_0.status,
        t1_0.tutor_id,
        t1_0.address,
        t1_0.avatar,
        t1_0.description,
        t1_0.dob,
        t1_0.email,
        t1_0.full_name,
        t1_0.gender,
        t1_0.major,
        t1_0.phone,
        t1_0.school,
        u2_0.username 
    from
        students s1_0 
    left join
        parents p1_0 
            on p1_0.parent_id=s1_0.parent_id 
    left join
        users u1_0 
            on u1_0.user_id=p1_0.user_id 
    left join
        users u2_0 
            on u2_0.user_id=s1_0.user_id 
    left join
        parents p2_0 
            on u2_0.user_id=p2_0.user_id 
    left join
        roles r2_0 
            on r2_0.role_id=u2_0.role_id 
    left join
        tutors t1_0 
            on u2_0.user_id=t1_0.user_id 
    where
        s1_0.user_id=?
]]></system-out>
  </testcase>
</testsuite>